-------------------------------------------------------------------------------
Test set: com.madhushika.configcloud.ConfigCloudApplicationTests
-------------------------------------------------------------------------------
Tests run: 1, Failures: 0, Errors: 1, Skipped: 0, Time elapsed: 2.944 s <<< FAILURE! - in com.madhushika.configcloud.ConfigCloudApplicationTests
contextLoads  Time elapsed: 0.002 s  <<< ERROR!
java.lang.NoClassDefFoundError: org/springframework/boot/Bootstrapper
Caused by: java.lang.ClassNotFoundException: org.springframework.boot.Bootstrapper

